android/build/outputs/logs/manifest-merger-release-report.txt
-- Merging decision tree log ---
manifest
ADDED from Fartlek\android\AndroidManifest.xml:2:1-40:12
	package
		ADDED from Fartlek\android\AndroidManifest.xml:4:5-41
	android:versionName
		ADDED from Fartlek\android\AndroidManifest.xml:6:5-30
		INJECTED from Fartlek\android\AndroidManifest.xml
		INJECTED from Fartlek\android\AndroidManifest.xml
	xmlns:tools
		ADDED from Fartlek\android\AndroidManifest.xml:3:5-51
	android:versionCode
		ADDED from Fartlek\android\AndroidManifest.xml:5:5-29
		INJECTED from Fartlek\android\AndroidManifest.xml
		INJECTED from Fartlek\android\AndroidManifest.xml
	xmlns:android
		ADDED from Fartlek\android\AndroidManifest.xml:2:11-69
uses-sdk
ADDED from Fartlek\android\AndroidManifest.xml:8:5-11:64
MERGED from [com.android.support:multidex:1.0.1] AndroidManifest.xml:18:5-42
MERGED from [Fartlek:BaseGameUtils:1.0] AndroidManifest.xml:23:5-26:58
MERGED from [com.android.support:appcompat-v7:20.0.0] AndroidManifest.xml:16:5-42
MERGED from [com.android.support:support-v4:23.1.1] AndroidManifest.xml:20:5-43
MERGED from [com.android.support:support-v4:23.1.1] AndroidManifest.xml:20:5-43
MERGED from [com.google.android.gms:play-services-games:8.1.0] AndroidManifest.xml:18:5-42
MERGED from [com.google.android.gms:play-services-base:8.1.0] AndroidManifest.xml:18:5-42
MERGED from [com.google.android.gms:play-services-basement:8.1.0] AndroidManifest.xml:18:5-42
MERGED from [com.android.support:support-v4:23.1.1] AndroidManifest.xml:20:5-43
MERGED from [com.google.android.gms:play-services-drive:8.1.0] AndroidManifest.xml:18:5-42
MERGED from [com.google.android.gms:play-services-base:8.1.0] AndroidManifest.xml:18:5-42
MERGED from [com.google.android.gms:play-services-basement:8.1.0] AndroidManifest.xml:18:5-42
MERGED from [com.android.support:support-v4:23.1.1] AndroidManifest.xml:20:5-43
MERGED from [com.google.android.gms:play-services-plus:8.1.0] AndroidManifest.xml:18:5-42
MERGED from [com.google.android.gms:play-services-base:8.1.0] AndroidManifest.xml:18:5-42
MERGED from [com.google.android.gms:play-services-basement:8.1.0] AndroidManifest.xml:18:5-42
MERGED from [com.android.support:support-v4:23.1.1] AndroidManifest.xml:20:5-43
MERGED from [com.android.support:support-v4:23.1.1] AndroidManifest.xml:20:5-43
	tools:overrideLibrary
		ADDED from Fartlek\android\AndroidManifest.xml:11:9-61
	android:targetSdkVersion
		ADDED from Fartlek\android\AndroidManifest.xml:10:9-38
		INJECTED from Fartlek\android\AndroidManifest.xml
		INJECTED from Fartlek\android\AndroidManifest.xml
	android:minSdkVersion
		ADDED from Fartlek\android\AndroidManifest.xml:9:9-35
		INJECTED from Fartlek\android\AndroidManifest.xml
		INJECTED from Fartlek\android\AndroidManifest.xml
uses-permission#android.permission.INTERNET
ADDED from Fartlek\android\AndroidManifest.xml:13:5-67
	android:name
		ADDED from Fartlek\android\AndroidManifest.xml:13:22-64
uses-permission#android.permission.WAKE_LOCK
ADDED from Fartlek\android\AndroidManifest.xml:14:5-68
	android:name
		ADDED from Fartlek\android\AndroidManifest.xml:14:22-65
uses-permission#android.permission.ACCESS_NETWORK_STATE
ADDED from Fartlek\android\AndroidManifest.xml:15:5-79
	android:name
		ADDED from Fartlek\android\AndroidManifest.xml:15:22-76
uses-permission#android.permission.WRITE_EXTERNAL_STORAGE
ADDED from Fartlek\android\AndroidManifest.xml:16:5-81
	android:name
		ADDED from Fartlek\android\AndroidManifest.xml:16:22-78
uses-permission#android.permission.READ_EXTERNAL_STORAGE
ADDED from Fartlek\android\AndroidManifest.xml:17:5-80
	android:name
		ADDED from Fartlek\android\AndroidManifest.xml:17:22-77
uses-permission#android.permission.VIBRATE
ADDED from Fartlek\android\AndroidManifest.xml:18:5-66
	android:name
		ADDED from Fartlek\android\AndroidManifest.xml:18:22-63
application
ADDED from Fartlek\android\AndroidManifest.xml:20:5-39:19
MERGED from [Fartlek:BaseGameUtils:1.0] AndroidManifest.xml:32:5-47
MERGED from [com.android.support:appcompat-v7:20.0.0] AndroidManifest.xml:17:5-19
MERGED from [com.android.support:support-v4:23.1.1] AndroidManifest.xml:22:5-20
MERGED from [com.android.support:support-v4:23.1.1] AndroidManifest.xml:22:5-20
MERGED from [com.google.android.gms:play-services-games:8.1.0] AndroidManifest.xml:19:5-20
MERGED from [com.google.android.gms:play-services-basement:8.1.0] AndroidManifest.xml:20:5-24:19
MERGED from [com.android.support:support-v4:23.1.1] AndroidManifest.xml:22:5-20
MERGED from [com.google.android.gms:play-services-drive:8.1.0] AndroidManifest.xml:19:5-20
MERGED from [com.google.android.gms:play-services-basement:8.1.0] AndroidManifest.xml:20:5-24:19
MERGED from [com.android.support:support-v4:23.1.1] AndroidManifest.xml:22:5-20
MERGED from [com.google.android.gms:play-services-plus:8.1.0] AndroidManifest.xml:19:5-20
MERGED from [com.google.android.gms:play-services-basement:8.1.0] AndroidManifest.xml:20:5-24:19
MERGED from [com.android.support:support-v4:23.1.1] AndroidManifest.xml:22:5-20
MERGED from [com.android.support:support-v4:23.1.1] AndroidManifest.xml:22:5-20
	android:label
		ADDED from Fartlek\android\AndroidManifest.xml:23:9-41
	android:allowBackup
		ADDED from Fartlek\android\AndroidManifest.xml:21:9-35
	android:icon
		ADDED from Fartlek\android\AndroidManifest.xml:22:9-38
	android:theme
		ADDED from Fartlek\android\AndroidManifest.xml:24:9-40
activity#com.purplebrain.adbuddiz.sdk.AdBuddizActivity
ADDED from Fartlek\android\AndroidManifest.xml:25:9-27:64
	android:theme
		ADDED from Fartlek\android\AndroidManifest.xml:27:13-61
	android:name
		ADDED from Fartlek\android\AndroidManifest.xml:26:13-73
activity#com.nnldev.fartlek.android.AndroidLauncher
ADDED from Fartlek\android\AndroidManifest.xml:29:9-38:20
	android:screenOrientation
		ADDED from Fartlek\android\AndroidManifest.xml:33:13-49
	android:label
		ADDED from Fartlek\android\AndroidManifest.xml:32:13-45
	android:configChanges
		ADDED from Fartlek\android\AndroidManifest.xml:31:13-83
	android:name
		ADDED from Fartlek\android\AndroidManifest.xml:30:13-70
intent-filter#android.intent.action.MAIN+android.intent.category.LAUNCHER
ADDED from Fartlek\android\AndroidManifest.xml:34:13-37:29
action#android.intent.action.MAIN
ADDED from Fartlek\android\AndroidManifest.xml:35:17-69
	android:name
		ADDED from Fartlek\android\AndroidManifest.xml:35:25-66
category#android.intent.category.LAUNCHER
ADDED from Fartlek\android\AndroidManifest.xml:36:17-77
	android:name
		ADDED from Fartlek\android\AndroidManifest.xml:36:27-74
meta-data#unityplayer.ForwardNativeEventsToDalvik
ADDED from [Fartlek:BaseGameUtils:1.0] AndroidManifest.xml:28:5-30:32
	android:value
		ADDED from [Fartlek:BaseGameUtils:1.0] AndroidManifest.xml:30:9-29
	android:name
		ADDED from [Fartlek:BaseGameUtils:1.0] AndroidManifest.xml:29:9-63
meta-data#com.google.android.gms.version
ADDED from [com.google.android.gms:play-services-basement:8.1.0] AndroidManifest.xml:21:9-23:69
MERGED from [com.google.android.gms:play-services-basement:8.1.0] AndroidManifest.xml:21:9-23:69
MERGED from [com.google.android.gms:play-services-basement:8.1.0] AndroidManifest.xml:21:9-23:69
	android:value
		ADDED from [com.google.android.gms:play-services-basement:8.1.0] AndroidManifest.xml:23:13-66
	android:name
		ADDED from [com.google.android.gms:play-services-basement:8.1.0] AndroidManifest.xml:22:13-58